0 info it worked if it ends with ok
1 verbose cli [ '/usr/local/bin/node', '/usr/local/bin/npm', 'publish' ]
2 info using npm@3.8.6
3 info using node@v4.2.6
4 verbose publish [ '.' ]
5 silly cache add args [ '.', null ]
6 verbose cache add spec .
7 silly cache add parsed spec Result {
7 silly cache add   raw: '.',
7 silly cache add   scope: null,
7 silly cache add   name: null,
7 silly cache add   rawSpec: '.',
7 silly cache add   spec: '/home/pi/node-red-contrib-squeezebox',
7 silly cache add   type: 'directory' }
8 verbose addLocalDirectory /home/pi/.npm/node-red-contrib-squeezebox/0.1.0/package.tgz not in flight; packing
9 verbose correctMkdir /home/pi/.npm correctMkdir not in flight; initializing
10 info lifecycle node-red-contrib-squeezebox@0.1.0~prepublish: node-red-contrib-squeezebox@0.1.0
11 silly lifecycle node-red-contrib-squeezebox@0.1.0~prepublish: no script for prepublish, continuing
12 verbose tar pack [ '/home/pi/.npm/node-red-contrib-squeezebox/0.1.0/package.tgz',
12 verbose tar pack   '/home/pi/node-red-contrib-squeezebox' ]
13 verbose tarball /home/pi/.npm/node-red-contrib-squeezebox/0.1.0/package.tgz
14 verbose folder /home/pi/node-red-contrib-squeezebox
15 verbose addLocalTarball adding from inside cache /home/pi/.npm/node-red-contrib-squeezebox/0.1.0/package.tgz
16 verbose correctMkdir /home/pi/.npm correctMkdir not in flight; initializing
17 silly cache afterAdd node-red-contrib-squeezebox@0.1.0
18 verbose afterAdd /home/pi/.npm/node-red-contrib-squeezebox/0.1.0/package/package.json not in flight; writing
19 verbose correctMkdir /home/pi/.npm correctMkdir not in flight; initializing
20 verbose afterAdd /home/pi/.npm/node-red-contrib-squeezebox/0.1.0/package/package.json written
21 silly publish { name: 'node-red-contrib-squeezebox',
21 silly publish   version: '0.1.0',
21 silly publish   description: 'This node gives access to a squeezebox server and his players',
21 silly publish   dependencies: { squeezenode: '0.1.0' },
21 silly publish   keywords: [ 'node-red', 'squeezebox', 'squeezenode' ],
21 silly publish   'node-red': { nodes: { squeezebox: 'squeezebox.js' } },
21 silly publish   author: { name: 'FredThx' },
21 silly publish   readme: 'node-red-contrib-squeezebox\r\n========================\r\nA <a href="http://nodered.org" target="_new">Node-RED</a> node for squeezebox server interface.\r\n\r\n\r\nInstall\r\n-------\r\nRun command on Node-RED installation directory\r\nnpm install node-red-contrib-squeezebox\r\n\r\nThanks\r\n------\r\nThanks to piotrraczynski for squeezenode.\r\n\r\n\r\n',
21 silly publish   readmeFilename: 'README.md',
21 silly publish   _id: 'node-red-contrib-squeezebox@0.1.0',
21 silly publish   scripts: {},
21 silly publish   _shasum: 'aa9f1e800fc8d16b8f2ba47471f63a06a58a650f',
21 silly publish   _from: '.' }
22 verbose getPublishConfig undefined
23 silly mapToRegistry name node-red-contrib-squeezebox
24 silly mapToRegistry using default registry
25 silly mapToRegistry registry https://registry.npmjs.org/
26 silly mapToRegistry data Result {
26 silly mapToRegistry   raw: 'node-red-contrib-squeezebox',
26 silly mapToRegistry   scope: null,
26 silly mapToRegistry   name: 'node-red-contrib-squeezebox',
26 silly mapToRegistry   rawSpec: '',
26 silly mapToRegistry   spec: 'latest',
26 silly mapToRegistry   type: 'tag' }
27 silly mapToRegistry uri https://registry.npmjs.org/node-red-contrib-squeezebox
28 verbose publish registryBase https://registry.npmjs.org/
29 silly publish uploading /home/pi/.npm/node-red-contrib-squeezebox/0.1.0/package.tgz
30 verbose request uri https://registry.npmjs.org/node-red-contrib-squeezebox
31 verbose request sending authorization for write operation
32 info attempt registry request try #1 at 17:18:09
33 verbose request using bearer token for auth
34 verbose request id 6fcb4162aa21f90b
35 http request PUT https://registry.npmjs.org/node-red-contrib-squeezebox
36 http 403 https://registry.npmjs.org/node-red-contrib-squeezebox
37 verbose headers { 'content-type': 'application/json',
37 verbose headers   'cache-control': 'max-age=300',
37 verbose headers   'content-length': '95',
37 verbose headers   'accept-ranges': 'bytes',
37 verbose headers   date: 'Sun, 15 May 2016 15:18:11 GMT',
37 verbose headers   via: '1.1 varnish',
37 verbose headers   connection: 'keep-alive',
37 verbose headers   'x-served-by': 'cache-lhr6337-LHR',
37 verbose headers   'x-cache': 'MISS',
37 verbose headers   'x-cache-hits': '0',
37 verbose headers   'x-timer': 'S1463325490.230080,VS0,VE912',
37 verbose headers   vary: 'Accept-Encoding' }
38 verbose request invalidating /home/pi/.npm/registry.npmjs.org/node-red-contrib-squeezebox on PUT
39 error publish Failed PUT 403
40 verbose stack Error: "You cannot publish over the previously published version 0.1.0." : node-red-contrib-squeezebox
40 verbose stack     at makeError (/usr/local/lib/node_modules/npm/node_modules/npm-registry-client/lib/request.js:264:12)
40 verbose stack     at CachingRegistryClient.<anonymous> (/usr/local/lib/node_modules/npm/node_modules/npm-registry-client/lib/request.js:252:14)
40 verbose stack     at Request._callback (/usr/local/lib/node_modules/npm/node_modules/npm-registry-client/lib/request.js:172:14)
40 verbose stack     at Request.self.callback (/usr/local/lib/node_modules/npm/node_modules/request/request.js:199:22)
40 verbose stack     at emitTwo (events.js:87:13)
40 verbose stack     at Request.emit (events.js:172:7)
40 verbose stack     at Request.<anonymous> (/usr/local/lib/node_modules/npm/node_modules/request/request.js:1036:10)
40 verbose stack     at emitOne (events.js:82:20)
40 verbose stack     at Request.emit (events.js:169:7)
40 verbose stack     at IncomingMessage.<anonymous> (/usr/local/lib/node_modules/npm/node_modules/request/request.js:963:12)
41 verbose statusCode 403
42 verbose pkgid node-red-contrib-squeezebox
43 verbose cwd /home/pi/node-red-contrib-squeezebox
44 error Linux 4.1.19-v7+
45 error argv "/usr/local/bin/node" "/usr/local/bin/npm" "publish"
46 error node v4.2.6
47 error npm  v3.8.6
48 error code E403
49 error "You cannot publish over the previously published version 0.1.0." : node-red-contrib-squeezebox
50 error If you need help, you may report this error at:
50 error     <https://github.com/npm/npm/issues>
51 verbose exit [ 1, true ]
